# JRE version: OpenJDK Runtime Environment (11.0.8+10) (build 11.0.8+10-b944.6842174)
# Java VM: OpenJDK 64-Bit Server VM (11.0.8+10-b944.6842174, mixed mode, tiered, compressed oops, g1 gc, windows-amd64)
Heap:
 garbage-first heap   total 454656K, used 121575K [0x0000000080000000, 0x0000000100000000)
  region size 1024K, 8 young (8192K), 8 survivors (8192K)
 Metaspace       used 106239K, capacity 108826K, committed 108968K, reserved 1144832K
  class space    used 13272K, capacity 14172K, committed 14208K, reserved 1048576K
GC Heap History (20 events):
Event: 19.095 GC heap after
{Heap after GC invocations=27 (full 0):
 garbage-first heap   total 262144K, used 104647K [0x0000000080000000, 0x0000000100000000)
  region size 1024K, 7 young (7168K), 7 survivors (7168K)
 Metaspace       used 105579K, capacity 108123K, committed 108200K, reserved 1142784K
  class space    used 13252K, capacity 14158K, committed 14208K, reserved 1048576K
}
Event: 19.219 GC heap before
{Heap before GC invocations=27 (full 0):
 garbage-first heap   total 262144K, used 223431K [0x0000000080000000, 0x0000000100000000)
  region size 1024K, 121 young (123904K), 7 survivors (7168K)
 Metaspace       used 105634K, capacity 108139K, committed 108200K, reserved 1142784K
  class space    used 13255K, capacity 14163K, committed 14208K, reserved 1048576K
}
Event: 19.225 GC heap after
{Heap after GC invocations=28 (full 0):
 garbage-first heap   total 262144K, used 105080K [0x0000000080000000, 0x0000000100000000)
  region size 1024K, 8 young (8192K), 8 survivors (8192K)
 Metaspace       used 105634K, capacity 108139K, committed 108200K, reserved 1142784K
  class space    used 13255K, capacity 14163K, committed 14208K, reserved 1048576K
}
Event: 19.377 GC heap before
{Heap before GC invocations=28 (full 0):
 garbage-first heap   total 262144K, used 220792K [0x0000000080000000, 0x0000000100000000)
  region size 1024K, 122 young (124928K), 8 survivors (8192K)
 Metaspace       used 105807K, capacity 108361K, committed 108456K, reserved 1144832K
  class space    used 13267K, capacity 14168K, committed 14208K, reserved 1048576K
}
Event: 19.383 GC heap after
{Heap after GC invocations=29 (full 0):
 garbage-first heap   total 262144K, used 106360K [0x0000000080000000, 0x0000000100000000)
  region size 1024K, 9 young (9216K), 9 survivors (9216K)
 Metaspace       used 105807K, capacity 108361K, committed 108456K, reserved 1144832K
  class space    used 13267K, capacity 14168K, committed 14208K, reserved 1048576K
}
Event: 19.564 GC heap before
{Heap before GC invocations=29 (full 0):
 garbage-first heap   total 262144K, used 223096K [0x0000000080000000, 0x0000000100000000)
  region size 1024K, 123 young (125952K), 9 survivors (9216K)
 Metaspace       used 105898K, capacity 108433K, committed 108712K, reserved 1144832K
  class space    used 13269K, capacity 14168K, committed 14208K, reserved 1048576K
}
Event: 19.569 GC heap after
{Heap after GC invocations=30 (full 0):
 garbage-first heap   total 262144K, used 106191K [0x0000000080000000, 0x0000000100000000)
  region size 1024K, 9 young (9216K), 9 survivors (9216K)
 Metaspace       used 105898K, capacity 108433K, committed 108712K, reserved 1144832K
  class space    used 13269K, capacity 14168K, committed 14208K, reserved 1048576K
}
Event: 19.764 GC heap before
{Heap before GC invocations=30 (full 0):
 garbage-first heap   total 262144K, used 223951K [0x0000000080000000, 0x0000000100000000)
  region size 1024K, 124 young (126976K), 9 survivors (9216K)
 Metaspace       used 105958K, capacity 108498K, committed 108712K, reserved 1144832K
  class space    used 13270K, capacity 14168K, committed 14208K, reserved 1048576K
}
Event: 19.773 GC heap after
{Heap after GC invocations=31 (full 0):
 garbage-first heap   total 262144K, used 106754K [0x0000000080000000, 0x0000000100000000)
  region size 1024K, 9 young (9216K), 9 survivors (9216K)
 Metaspace       used 105958K, capacity 108498K, committed 108712K, reserved 1144832K
  class space    used 13270K, capacity 14168K, committed 14208K, reserved 1048576K
}
Event: 19.954 GC heap before
{Heap before GC invocations=31 (full 0):
 garbage-first heap   total 262144K, used 224514K [0x0000000080000000, 0x0000000100000000)
  region size 1024K, 125 young (128000K), 9 survivors (9216K)
 Metaspace       used 106008K, capacity 108569K, committed 108712K, reserved 1144832K
  class space    used 13270K, capacity 14168K, committed 14208K, reserved 1048576K
}
Event: 19.960 GC heap after
{Heap after GC invocations=32 (full 0):
 garbage-first heap   total 262144K, used 106751K [0x0000000080000000, 0x0000000100000000)
  region size 1024K, 9 young (9216K), 9 survivors (9216K)
 Metaspace       used 106008K, capacity 108569K, committed 108712K, reserved 1144832K
  class space    used 13270K, capacity 14168K, committed 14208K, reserved 1048576K
}
Event: 20.110 GC heap before
{Heap before GC invocations=32 (full 0):
 garbage-first heap   total 262144K, used 225535K [0x0000000080000000, 0x0000000100000000)
  region size 1024K, 125 young (128000K), 9 survivors (9216K)
 Metaspace       used 106030K, capacity 108573K, committed 108712K, reserved 1144832K
  class space    used 13270K, capacity 14168K, committed 14208K, reserved 1048576K
}
Event: 20.119 GC heap after
{Heap after GC invocations=33 (full 0):
 garbage-first heap   total 315392K, used 108789K [0x0000000080000000, 0x0000000100000000)
  region size 1024K, 11 young (11264K), 11 survivors (11264K)
 Metaspace       used 106030K, capacity 108573K, committed 108712K, reserved 1144832K
  class space    used 13270K, capacity 14168K, committed 14208K, reserved 1048576K
}
Event: 20.316 GC heap before
{Heap before GC invocations=33 (full 0):
 garbage-first heap   total 315392K, used 256245K [0x0000000080000000, 0x0000000100000000)
  region size 1024K, 155 young (158720K), 11 survivors (11264K)
 Metaspace       used 106081K, capacity 108661K, committed 108712K, reserved 1144832K
  class space    used 13271K, capacity 14171K, committed 14208K, reserved 1048576K
}
Event: 20.329 GC heap after
{Heap after GC invocations=34 (full 0):
 garbage-first heap   total 315392K, used 116451K [0x0000000080000000, 0x0000000100000000)
  region size 1024K, 18 young (18432K), 18 survivors (18432K)
 Metaspace       used 106081K, capacity 108661K, committed 108712K, reserved 1144832K
  class space    used 13271K, capacity 14171K, committed 14208K, reserved 1048576K
}
Event: 20.519 GC heap before
{Heap before GC invocations=34 (full 0):
 garbage-first heap   total 315392K, used 262883K [0x0000000080000000, 0x0000000100000000)
  region size 1024K, 161 young (164864K), 18 survivors (18432K)
 Metaspace       used 106123K, capacity 108733K, committed 108968K, reserved 1144832K
  class space    used 13272K, capacity 14172K, committed 14208K, reserved 1048576K
}
Event: 20.532 GC heap after
{Heap after GC invocations=35 (full 0):
 garbage-first heap   total 315392K, used 119808K [0x0000000080000000, 0x0000000100000000)
  region size 1024K, 14 young (14336K), 14 survivors (14336K)
 Metaspace       used 106123K, capacity 108733K, committed 108968K, reserved 1144832K
  class space    used 13272K, capacity 14172K, committed 14208K, reserved 1048576K
}
Event: 20.727 GC heap before
{Heap before GC invocations=35 (full 0):
 garbage-first heap   total 315392K, used 265216K [0x0000000080000000, 0x0000000100000000)
  region size 1024K, 155 young (158720K), 14 survivors (14336K)
 Metaspace       used 106234K, capacity 108826K, committed 108968K, reserved 1144832K
  class space    used 13272K, capacity 14172K, committed 14208K, reserved 1048576K
}
Event: 20.734 GC heap after
{Heap after GC invocations=36 (full 0):
 garbage-first heap   total 315392K, used 120551K [0x0000000080000000, 0x0000000100000000)
  region size 1024K, 7 young (7168K), 7 survivors (7168K)
 Metaspace       used 106234K, capacity 108826K, committed 108968K, reserved 1144832K
  class space    used 13272K, capacity 14172K, committed 14208K, reserved 1048576K
}
Event: 20.876 GC heap before
{Heap before GC invocations=36 (full 0):
 garbage-first heap   total 315392K, used 266983K [0x0000000080000000, 0x0000000100000000)
  region size 1024K, 150 young (153600K), 7 survivors (7168K)
 Metaspace       used 106239K, capacity 108826K, committed 108968K, reserved 1144832K
  class space    used 13272K, capacity 14172K, committed 14208K, reserved 1048576K
}

