# JRE version: OpenJDK Runtime Environment (11.0.8+10) (build 11.0.8+10-b944.6842174)
# Java VM: OpenJDK 64-Bit Server VM (11.0.8+10-b944.6842174, mixed mode, tiered, compressed oops, g1 gc, windows-amd64)
Heap:
 garbage-first heap   total 262144K, used 113783K [0x0000000080000000, 0x0000000100000000)
  region size 1024K, 62 young (63488K), 9 survivors (9216K)
 Metaspace       used 71201K, capacity 73203K, committed 73296K, reserved 1112064K
  class space    used 9246K, capacity 9916K, committed 9984K, reserved 1048576K
GC Heap History (20 events):
Event: 0.724 GC heap before
{Heap before GC invocations=0 (full 0):
 garbage-first heap   total 262144K, used 27648K [0x0000000080000000, 0x0000000100000000)
  region size 1024K, 22 young (22528K), 0 survivors (0K)
 Metaspace       used 10237K, capacity 10476K, committed 10624K, reserved 1058816K
  class space    used 1067K, capacity 1128K, committed 1152K, reserved 1048576K
}
Event: 0.736 GC heap after
{Heap after GC invocations=1 (full 0):
 garbage-first heap   total 262144K, used 8834K [0x0000000080000000, 0x0000000100000000)
  region size 1024K, 3 young (3072K), 3 survivors (3072K)
 Metaspace       used 10237K, capacity 10476K, committed 10624K, reserved 1058816K
  class space    used 1067K, capacity 1128K, committed 1152K, reserved 1048576K
}
Event: 0.996 GC heap before
{Heap before GC invocations=1 (full 0):
 garbage-first heap   total 262144K, used 27266K [0x0000000080000000, 0x0000000100000000)
  region size 1024K, 21 young (21504K), 3 survivors (3072K)
 Metaspace       used 10907K, capacity 11141K, committed 11264K, reserved 1058816K
  class space    used 1139K, capacity 1200K, committed 1280K, reserved 1048576K
}
Event: 0.998 GC heap after
{Heap after GC invocations=2 (full 0):
 garbage-first heap   total 262144K, used 9488K [0x0000000080000000, 0x0000000100000000)
  region size 1024K, 1 young (1024K), 1 survivors (1024K)
 Metaspace       used 10907K, capacity 11141K, committed 11264K, reserved 1058816K
  class space    used 1139K, capacity 1200K, committed 1280K, reserved 1048576K
}
Event: 2.119 GC heap before
{Heap before GC invocations=2 (full 0):
 garbage-first heap   total 262144K, used 57616K [0x0000000080000000, 0x0000000100000000)
  region size 1024K, 49 young (50176K), 1 survivors (1024K)
 Metaspace       used 17872K, capacity 18397K, committed 18560K, reserved 1064960K
  class space    used 2146K, capacity 2305K, committed 2432K, reserved 1048576K
}
Event: 2.122 GC heap after
{Heap after GC invocations=3 (full 0):
 garbage-first heap   total 262144K, used 15446K [0x0000000080000000, 0x0000000100000000)
  region size 1024K, 7 young (7168K), 7 survivors (7168K)
 Metaspace       used 17872K, capacity 18397K, committed 18560K, reserved 1064960K
  class space    used 2146K, capacity 2305K, committed 2432K, reserved 1048576K
}
Event: 2.286 GC heap before
{Heap before GC invocations=3 (full 0):
 garbage-first heap   total 262144K, used 30806K [0x0000000080000000, 0x0000000100000000)
  region size 1024K, 24 young (24576K), 7 survivors (7168K)
 Metaspace       used 20689K, capacity 21180K, committed 21296K, reserved 1069056K
  class space    used 2483K, capacity 2636K, committed 2688K, reserved 1048576K
}
Event: 2.289 GC heap after
{Heap after GC invocations=4 (full 0):
 garbage-first heap   total 262144K, used 16225K [0x0000000080000000, 0x0000000100000000)
  region size 1024K, 1 young (1024K), 1 survivors (1024K)
 Metaspace       used 20689K, capacity 21180K, committed 21296K, reserved 1069056K
  class space    used 2483K, capacity 2636K, committed 2688K, reserved 1048576K
}
Event: 3.378 GC heap before
{Heap before GC invocations=5 (full 0):
 garbage-first heap   total 262144K, used 96097K [0x0000000080000000, 0x0000000100000000)
  region size 1024K, 71 young (72704K), 1 survivors (1024K)
 Metaspace       used 29073K, capacity 29805K, committed 29872K, reserved 1075200K
  class space    used 3803K, capacity 4057K, committed 4096K, reserved 1048576K
}
Event: 3.387 GC heap after
{Heap after GC invocations=6 (full 0):
 garbage-first heap   total 262144K, used 29627K [0x0000000080000000, 0x0000000100000000)
  region size 1024K, 5 young (5120K), 5 survivors (5120K)
 Metaspace       used 29073K, capacity 29805K, committed 29872K, reserved 1075200K
  class space    used 3803K, capacity 4057K, committed 4096K, reserved 1048576K
}
Event: 3.725 GC heap before
{Heap before GC invocations=6 (full 0):
 garbage-first heap   total 262144K, used 53179K [0x0000000080000000, 0x0000000100000000)
  region size 1024K, 27 young (27648K), 5 survivors (5120K)
 Metaspace       used 35065K, capacity 35768K, committed 35888K, reserved 1081344K
  class space    used 4394K, capacity 4658K, committed 4736K, reserved 1048576K
}
Event: 3.730 GC heap after
{Heap after GC invocations=7 (full 0):
 garbage-first heap   total 262144K, used 34280K [0x0000000080000000, 0x0000000100000000)
  region size 1024K, 8 young (8192K), 8 survivors (8192K)
 Metaspace       used 35065K, capacity 35768K, committed 35888K, reserved 1081344K
  class space    used 4394K, capacity 4658K, committed 4736K, reserved 1048576K
}
Event: 5.025 GC heap before
{Heap before GC invocations=8 (full 0):
 garbage-first heap   total 262144K, used 123368K [0x0000000080000000, 0x0000000100000000)
  region size 1024K, 96 young (98304K), 8 survivors (8192K)
 Metaspace       used 42063K, capacity 42999K, committed 43312K, reserved 1087488K
  class space    used 5386K, capacity 5697K, committed 5760K, reserved 1048576K
}
Event: 5.031 GC heap after
{Heap after GC invocations=9 (full 0):
 garbage-first heap   total 262144K, used 35807K [0x0000000080000000, 0x0000000100000000)
  region size 1024K, 7 young (7168K), 7 survivors (7168K)
 Metaspace       used 42063K, capacity 42999K, committed 43312K, reserved 1087488K
  class space    used 5386K, capacity 5697K, committed 5760K, reserved 1048576K
}
Event: 6.798 GC heap before
{Heap before GC invocations=9 (full 0):
 garbage-first heap   total 262144K, used 163807K [0x0000000080000000, 0x0000000100000000)
  region size 1024K, 127 young (130048K), 7 survivors (7168K)
 Metaspace       used 57776K, capacity 59113K, committed 59184K, reserved 1101824K
  class space    used 7281K, capacity 7751K, committed 7808K, reserved 1048576K
}
Event: 6.809 GC heap after
{Heap after GC invocations=10 (full 0):
 garbage-first heap   total 262144K, used 52882K [0x0000000080000000, 0x0000000100000000)
  region size 1024K, 16 young (16384K), 16 survivors (16384K)
 Metaspace       used 57776K, capacity 59113K, committed 59184K, reserved 1101824K
  class space    used 7281K, capacity 7751K, committed 7808K, reserved 1048576K
}
Event: 6.951 GC heap before
{Heap before GC invocations=10 (full 0):
 garbage-first heap   total 262144K, used 73362K [0x0000000080000000, 0x0000000100000000)
  region size 1024K, 37 young (37888K), 16 survivors (16384K)
 Metaspace       used 58745K, capacity 60114K, committed 60240K, reserved 1101824K
  class space    used 7419K, capacity 7871K, committed 7936K, reserved 1048576K
}
Event: 6.966 GC heap after
{Heap after GC invocations=11 (full 0):
 garbage-first heap   total 262144K, used 56122K [0x0000000080000000, 0x0000000100000000)
  region size 1024K, 3 young (3072K), 3 survivors (3072K)
 Metaspace       used 58745K, capacity 60114K, committed 60240K, reserved 1101824K
  class space    used 7419K, capacity 7871K, committed 7936K, reserved 1048576K
}
Event: 8.201 GC heap before
{Heap before GC invocations=12 (full 0):
 garbage-first heap   total 262144K, used 142138K [0x0000000080000000, 0x0000000100000000)
  region size 1024K, 87 young (89088K), 3 survivors (3072K)
 Metaspace       used 67714K, capacity 69277K, committed 69328K, reserved 1110016K
  class space    used 8771K, capacity 9297K, committed 9344K, reserved 1048576K
}
Event: 8.212 GC heap after
{Heap after GC invocations=13 (full 0):
 garbage-first heap   total 262144K, used 61559K [0x0000000080000000, 0x0000000100000000)
  region size 1024K, 9 young (9216K), 9 survivors (9216K)
 Metaspace       used 67714K, capacity 69277K, committed 69328K, reserved 1110016K
  class space    used 8771K, capacity 9297K, committed 9344K, reserved 1048576K
}

